c:\users\samhignett\source\repos\defiantworlds\defiantworlds\profskillsdefiantworlds\win32\debug\profskillsdefiantworlds\vc120.pdb
c:\users\samhignett\source\repos\defiantworlds\defiantworlds\profskillsdefiantworlds\win32\debug\profskillsdefiantworlds\vc120.idb
c:\users\samhignett\source\repos\defiantworlds\defiantworlds\profskillsdefiantworlds\win32\debug\profskillsdefiantworlds\particleemitter.obj
c:\users\samhignett\source\repos\defiantworlds\defiantworlds\profskillsdefiantworlds\win32\debug\profskillsdefiantworlds\particles.obj
c:\users\samhignett\source\repos\defiantworlds\defiantworlds\profskillsdefiantworlds\win32\debug\profskillsdefiantworlds\playstate.obj
c:\users\samhignett\source\repos\defiantworlds\defiantworlds\profskillsdefiantworlds\win32\debug\profskillsdefiantworlds\productionstructure.obj
c:\users\samhignett\source\repos\defiantworlds\defiantworlds\profskillsdefiantworlds\win32\debug\profskillsdefiantworlds\profskillsdefiantworlds.obj
c:\users\samhignett\source\repos\defiantworlds\defiantworlds\profskillsdefiantworlds\win32\debug\profskillsdefiantworlds\randomiser.obj
c:\users\samhignett\source\repos\defiantworlds\defiantworlds\profskillsdefiantworlds\win32\debug\profskillsdefiantworlds\gameagent.obj
c:\users\samhignett\source\repos\defiantworlds\defiantworlds\profskillsdefiantworlds\win32\debug\profskillsdefiantworlds\smoke.obj
c:\users\samhignett\source\repos\defiantworlds\defiantworlds\profskillsdefiantworlds\win32\debug\profskillsdefiantworlds\soundobject.obj
c:\users\samhignett\source\repos\defiantworlds\defiantworlds\profskillsdefiantworlds\win32\debug\profskillsdefiantworlds\spacecentre.obj
c:\users\samhignett\source\repos\defiantworlds\defiantworlds\profskillsdefiantworlds\win32\debug\profskillsdefiantworlds\spacefighter.obj
c:\users\samhignett\source\repos\defiantworlds\defiantworlds\profskillsdefiantworlds\win32\debug\profskillsdefiantworlds\spacestate.obj
c:\users\samhignett\source\repos\defiantworlds\defiantworlds\profskillsdefiantworlds\win32\debug\profskillsdefiantworlds\spaceunit.obj
c:\users\samhignett\source\repos\defiantworlds\defiantworlds\profskillsdefiantworlds\win32\debug\profskillsdefiantworlds\staticstructure.obj
c:\users\samhignett\source\repos\defiantworlds\defiantworlds\profskillsdefiantworlds\win32\debug\profskillsdefiantworlds\structure.obj
c:\users\samhignett\source\repos\defiantworlds\defiantworlds\profskillsdefiantworlds\win32\debug\profskillsdefiantworlds\tank.obj
c:\users\samhignett\source\repos\defiantworlds\defiantworlds\profskillsdefiantworlds\win32\debug\profskillsdefiantworlds\tile.obj
c:\users\samhignett\source\repos\defiantworlds\defiantworlds\profskillsdefiantworlds\win32\debug\profskillsdefiantworlds\transport.obj
c:\users\samhignett\source\repos\defiantworlds\defiantworlds\profskillsdefiantworlds\win32\debug\profskillsdefiantworlds\worker.obj
c:\users\samhignett\source\repos\defiantworlds\defiantworlds\profskillsdefiantworlds\win32\debug\profskillsdefiantworlds\worldstate.obj
c:\users\samhignett\source\repos\defiantworlds\defiantworlds\profskillsdefiantworlds\win32\debug\profskillsdefiantworlds\artillery.obj
c:\users\samhignett\source\repos\defiantworlds\defiantworlds\profskillsdefiantworlds\win32\debug\profskillsdefiantworlds\barracks.obj
c:\users\samhignett\source\repos\defiantworlds\defiantworlds\profskillsdefiantworlds\win32\debug\profskillsdefiantworlds\baseplayer.obj
c:\users\samhignett\source\repos\defiantworlds\defiantworlds\profskillsdefiantworlds\win32\debug\profskillsdefiantworlds\bomber.obj
c:\users\samhignett\source\repos\defiantworlds\defiantworlds\profskillsdefiantworlds\win32\debug\profskillsdefiantworlds\comcentre.obj
c:\users\samhignett\source\repos\defiantworlds\defiantworlds\profskillsdefiantworlds\win32\debug\profskillsdefiantworlds\common.obj
c:\users\samhignett\source\repos\defiantworlds\defiantworlds\profskillsdefiantworlds\win32\debug\profskillsdefiantworlds\basegamestate.obj
c:\users\samhignett\source\repos\defiantworlds\defiantworlds\profskillsdefiantworlds\win32\debug\profskillsdefiantworlds\explosion.obj
c:\users\samhignett\source\repos\defiantworlds\defiantworlds\profskillsdefiantworlds\win32\debug\profskillsdefiantworlds\fighter.obj
c:\users\samhignett\source\repos\defiantworlds\defiantworlds\profskillsdefiantworlds\win32\debug\profskillsdefiantworlds\gameobject.obj
c:\users\samhignett\source\repos\defiantworlds\defiantworlds\profskillsdefiantworlds\win32\debug\profskillsdefiantworlds\gamestatecontrol.obj
c:\users\samhignett\source\repos\defiantworlds\defiantworlds\profskillsdefiantworlds\win32\debug\profskillsdefiantworlds\grid.obj
c:\users\samhignett\source\repos\defiantworlds\defiantworlds\profskillsdefiantworlds\win32\debug\profskillsdefiantworlds\groundunit.obj
c:\users\samhignett\source\repos\defiantworlds\defiantworlds\profskillsdefiantworlds\win32\debug\profskillsdefiantworlds\hellipad.obj
c:\users\samhignett\source\repos\defiantworlds\defiantworlds\profskillsdefiantworlds\win32\debug\profskillsdefiantworlds\house.obj
c:\users\samhignett\source\repos\defiantworlds\defiantworlds\profskillsdefiantworlds\win32\debug\profskillsdefiantworlds\humanplayer.obj
c:\users\samhignett\source\repos\defiantworlds\defiantworlds\profskillsdefiantworlds\win32\debug\profskillsdefiantworlds\infantry.obj
c:\users\samhignett\source\repos\defiantworlds\defiantworlds\profskillsdefiantworlds\win32\debug\profskillsdefiantworlds\minerals.obj
c:\users\samhignett\source\repos\defiantworlds\defiantworlds\profskillsdefiantworlds\win32\debug\profskillsdefiantworlds\mothership.obj
c:\users\samhignett\source\repos\defiantworlds\defiantworlds\profskillsdefiantworlds\win32\debug\profskillsdefiantworlds\aiplayer.obj
c:\users\samhignett\source\repos\defiantworlds\defiantworlds\profskillsdefiantworlds\win32\debug\profskillsdefiantworlds\airunit.obj
c:\users\samhignett\source\repos\defiantworlds\defiantworlds\profskillsdefiantworlds\win32\debug\profskillsdefiantworlds\menustate.obj
c:\users\kehobdey\documents\github\defiantworlds\defiantworlds\profskillsdefiantworlds\win32\debug\profskillsdefiantworlds\vc120.pdb
c:\users\kehobdey\documents\github\defiantworlds\defiantworlds\profskillsdefiantworlds\win32\debug\profskillsdefiantworlds\vc120.idb
c:\users\kehobdey\documents\github\defiantworlds\defiantworlds\profskillsdefiantworlds\win32\debug\profskillsdefiantworlds\particleemitter.obj
c:\users\kehobdey\documents\github\defiantworlds\defiantworlds\profskillsdefiantworlds\win32\debug\profskillsdefiantworlds\particles.obj
c:\users\kehobdey\documents\github\defiantworlds\defiantworlds\profskillsdefiantworlds\win32\debug\profskillsdefiantworlds\playstate.obj
c:\users\kehobdey\documents\github\defiantworlds\defiantworlds\profskillsdefiantworlds\win32\debug\profskillsdefiantworlds\productionstructure.obj
c:\users\kehobdey\documents\github\defiantworlds\defiantworlds\profskillsdefiantworlds\win32\debug\profskillsdefiantworlds\profskillsdefiantworlds.obj
c:\users\kehobdey\documents\github\defiantworlds\defiantworlds\profskillsdefiantworlds\win32\debug\profskillsdefiantworlds\randomiser.obj
c:\users\kehobdey\documents\github\defiantworlds\defiantworlds\profskillsdefiantworlds\win32\debug\profskillsdefiantworlds\gameagent.obj
c:\users\kehobdey\documents\github\defiantworlds\defiantworlds\profskillsdefiantworlds\win32\debug\profskillsdefiantworlds\smoke.obj
c:\users\kehobdey\documents\github\defiantworlds\defiantworlds\profskillsdefiantworlds\win32\debug\profskillsdefiantworlds\soundobject.obj
c:\users\kehobdey\documents\github\defiantworlds\defiantworlds\profskillsdefiantworlds\win32\debug\profskillsdefiantworlds\spacecentre.obj
c:\users\kehobdey\documents\github\defiantworlds\defiantworlds\profskillsdefiantworlds\win32\debug\profskillsdefiantworlds\spacefighter.obj
c:\users\kehobdey\documents\github\defiantworlds\defiantworlds\profskillsdefiantworlds\win32\debug\profskillsdefiantworlds\spacestate.obj
c:\users\kehobdey\documents\github\defiantworlds\defiantworlds\profskillsdefiantworlds\win32\debug\profskillsdefiantworlds\spaceunit.obj
c:\users\kehobdey\documents\github\defiantworlds\defiantworlds\profskillsdefiantworlds\win32\debug\profskillsdefiantworlds\staticstructure.obj
c:\users\kehobdey\documents\github\defiantworlds\defiantworlds\profskillsdefiantworlds\win32\debug\profskillsdefiantworlds\structure.obj
c:\users\kehobdey\documents\github\defiantworlds\defiantworlds\profskillsdefiantworlds\win32\debug\profskillsdefiantworlds\tank.obj
c:\users\kehobdey\documents\github\defiantworlds\defiantworlds\profskillsdefiantworlds\win32\debug\profskillsdefiantworlds\tile.obj
c:\users\kehobdey\documents\github\defiantworlds\defiantworlds\profskillsdefiantworlds\win32\debug\profskillsdefiantworlds\transport.obj
c:\users\kehobdey\documents\github\defiantworlds\defiantworlds\profskillsdefiantworlds\win32\debug\profskillsdefiantworlds\worker.obj
c:\users\kehobdey\documents\github\defiantworlds\defiantworlds\profskillsdefiantworlds\win32\debug\profskillsdefiantworlds\worldstate.obj
c:\users\kehobdey\documents\github\defiantworlds\defiantworlds\profskillsdefiantworlds\win32\debug\profskillsdefiantworlds\artillery.obj
c:\users\kehobdey\documents\github\defiantworlds\defiantworlds\profskillsdefiantworlds\win32\debug\profskillsdefiantworlds\barracks.obj
c:\users\kehobdey\documents\github\defiantworlds\defiantworlds\profskillsdefiantworlds\win32\debug\profskillsdefiantworlds\baseplayer.obj
c:\users\kehobdey\documents\github\defiantworlds\defiantworlds\profskillsdefiantworlds\win32\debug\profskillsdefiantworlds\bomber.obj
c:\users\kehobdey\documents\github\defiantworlds\defiantworlds\profskillsdefiantworlds\win32\debug\profskillsdefiantworlds\comcentre.obj
c:\users\kehobdey\documents\github\defiantworlds\defiantworlds\profskillsdefiantworlds\win32\debug\profskillsdefiantworlds\common.obj
c:\users\kehobdey\documents\github\defiantworlds\defiantworlds\profskillsdefiantworlds\win32\debug\profskillsdefiantworlds\basegamestate.obj
c:\users\kehobdey\documents\github\defiantworlds\defiantworlds\profskillsdefiantworlds\win32\debug\profskillsdefiantworlds\explosion.obj
c:\users\kehobdey\documents\github\defiantworlds\defiantworlds\profskillsdefiantworlds\win32\debug\profskillsdefiantworlds\fighter.obj
c:\users\kehobdey\documents\github\defiantworlds\defiantworlds\profskillsdefiantworlds\win32\debug\profskillsdefiantworlds\gameobject.obj
c:\users\kehobdey\documents\github\defiantworlds\defiantworlds\profskillsdefiantworlds\win32\debug\profskillsdefiantworlds\gamestatecontrol.obj
c:\users\kehobdey\documents\github\defiantworlds\defiantworlds\profskillsdefiantworlds\win32\debug\profskillsdefiantworlds\grid.obj
c:\users\kehobdey\documents\github\defiantworlds\defiantworlds\profskillsdefiantworlds\win32\debug\profskillsdefiantworlds\groundunit.obj
c:\users\kehobdey\documents\github\defiantworlds\defiantworlds\profskillsdefiantworlds\win32\debug\profskillsdefiantworlds\hellipad.obj
c:\users\kehobdey\documents\github\defiantworlds\defiantworlds\profskillsdefiantworlds\win32\debug\profskillsdefiantworlds\house.obj
c:\users\kehobdey\documents\github\defiantworlds\defiantworlds\profskillsdefiantworlds\win32\debug\profskillsdefiantworlds\humanplayer.obj
c:\users\kehobdey\documents\github\defiantworlds\defiantworlds\profskillsdefiantworlds\win32\debug\profskillsdefiantworlds\infantry.obj
c:\users\kehobdey\documents\github\defiantworlds\defiantworlds\profskillsdefiantworlds\win32\debug\profskillsdefiantworlds\menustate.obj
c:\users\kehobdey\documents\github\defiantworlds\defiantworlds\profskillsdefiantworlds\win32\debug\profskillsdefiantworlds\minerals.obj
c:\users\kehobdey\documents\github\defiantworlds\defiantworlds\profskillsdefiantworlds\win32\debug\profskillsdefiantworlds\mothership.obj
c:\users\kehobdey\documents\github\defiantworlds\defiantworlds\profskillsdefiantworlds\win32\debug\profskillsdefiantworlds\aiplayer.obj
c:\users\kehobdey\documents\github\defiantworlds\defiantworlds\profskillsdefiantworlds\win32\debug\profskillsdefiantworlds\airunit.obj
c:\users\samhignett\source\repos\defiantworlds\defiantworlds\profskillsdefiantworlds\profskillsdefiantworldsdebug.ilk
c:\users\samhignett\source\repos\defiantworlds\defiantworlds\profskillsdefiantworlds\profskillsdefiantworldsdebug.exe
c:\users\samhignett\source\repos\defiantworlds\defiantworlds\profskillsdefiantworlds\profskillsdefiantworlds.pdb
c:\users\kehobdey\documents\github\defiantworlds\defiantworlds\profskillsdefiantworlds\profskillsdefiantworldsdebug.ilk
c:\users\kehobdey\documents\github\defiantworlds\defiantworlds\profskillsdefiantworlds\profskillsdefiantworldsdebug.exe
c:\users\kehobdey\documents\github\defiantworlds\defiantworlds\profskillsdefiantworlds\profskillsdefiantworlds.pdb
c:\users\kehobdey\documents\github\defiantworlds\defiantworlds\profskillsdefiantworlds\\profskillsdefiantworldsdebug.exe
c:\users\kehobdey\documents\github\defiantworlds\defiantworlds\profskillsdefiantworlds\\profskillsdefiantworldsdebug.ilk
c:\users\kehobdey\documents\github\defiantworlds\defiantworlds\profskillsdefiantworlds\win32\debug\profskillsdefiantworlds\profskil.09e3bfc2.tlog\cl.command.1.tlog
c:\users\kehobdey\documents\github\defiantworlds\defiantworlds\profskillsdefiantworlds\win32\debug\profskillsdefiantworlds\profskil.09e3bfc2.tlog\cl.read.1.tlog
c:\users\kehobdey\documents\github\defiantworlds\defiantworlds\profskillsdefiantworlds\win32\debug\profskillsdefiantworlds\profskil.09e3bfc2.tlog\cl.write.1.tlog
c:\users\kehobdey\documents\github\defiantworlds\defiantworlds\profskillsdefiantworlds\win32\debug\profskillsdefiantworlds\profskil.09e3bfc2.tlog\link.command.1.tlog
c:\users\kehobdey\documents\github\defiantworlds\defiantworlds\profskillsdefiantworlds\win32\debug\profskillsdefiantworlds\profskil.09e3bfc2.tlog\link.read.1.tlog
c:\users\kehobdey\documents\github\defiantworlds\defiantworlds\profskillsdefiantworlds\win32\debug\profskillsdefiantworlds\profskil.09e3bfc2.tlog\link.write.1.tlog
