Build started 09/02/2015 08:59:19.
     1>Project "C:\Users\kehobdey\Documents\GitHub\DefiantWorlds\DefiantWorlds\ProfSkillsDefiantWorlds\ProfSkillsDefiantWorlds.vcxproj" on node 2 (Build target(s)).
     1>ClCompile:
         C:\Program Files (x86)\Microsoft Visual Studio 12.0\VC\bin\CL.exe /c /I"C:\Program Files (x86)\OpenAL 1.1 SDK\include" /I"C:\ProgramData\TL-Engine\include" /I"C:\Program Files (x86)\OpenAL 1.1 SDK\freealut-1.1.0-bin\include\AL\\" /ZI /nologo /W3 /WX- /Od /Oy- /D WIN32 /D _DEBUG /D _CONSOLE /D _UNICODE /D UNICODE /Gm /EHsc /RTC1 /MTd /GS /Gy /fp:fast /Zc:wchar_t /Zc:forScope /Fo"Win32\Debug\ProfSkillsDefiantWorlds\\" /Fd"Win32\Debug\ProfSkillsDefiantWorlds\vc120.pdb" /Gd /TP /analyze- /errorReport:prompt WorldState.cpp
         WorldState.cpp
     1>c:\users\kehobdey\documents\github\defiantworlds\defiantworlds\profskillsdefiantworlds\gameobject.h(67): warning C4244: 'return' : conversion from 'int' to 'float', possible loss of data
     1>c:\users\kehobdey\documents\github\defiantworlds\defiantworlds\profskillsdefiantworlds\gameobject.h(72): warning C4244: 'return' : conversion from 'int' to 'float', possible loss of data
     1>c:\users\kehobdey\documents\github\defiantworlds\defiantworlds\profskillsdefiantworlds\worldstate.cpp(76): warning C4800: 'BOOL' : forcing value to bool 'true' or 'false' (performance warning)
       Link:
         C:\Program Files (x86)\Microsoft Visual Studio 12.0\VC\bin\link.exe /ERRORREPORT:PROMPT /OUT:"C:\Users\kehobdey\Documents\GitHub\DefiantWorlds\DefiantWorlds\ProfSkillsDefiantWorlds\ProfSkillsDefiantWorldsDebug.exe" /INCREMENTAL /NOLOGO /LIBPATH:"C:\Program Files (x86)\OpenAL 1.1 SDK\libs\Win32" /LIBPATH:"C:\ProgramData\TL-Engine\lib" /LIBPATH:"C:\Program Files (x86)\OpenAL 1.1 SDK\freealut-1.1.0-bin\lib" OpenAL32.lib alut.lib "TL-Engine2013Debug.lib" OpenAL32.lib alut.lib kernel32.lib user32.lib gdi32.lib winspool.lib comdlg32.lib advapi32.lib shell32.lib ole32.lib oleaut32.lib uuid.lib odbc32.lib odbccp32.lib /MANIFEST:NO /DEBUG /PDB:"C:\Users\kehobdey\Documents\GitHub\DefiantWorlds\DefiantWorlds\ProfSkillsDefiantWorlds\\ProfSkillsDefiantWorlds.pdb" /SUBSYSTEM:CONSOLE /TLBID:1 /DYNAMICBASE /IMPLIB:"C:\Users\kehobdey\Documents\GitHub\DefiantWorlds\DefiantWorlds\ProfSkillsDefiantWorlds\\ProfSkillsDefiantWorldsDebug.lib" /MACHINE:X86 /SAFESEH:NO Win32\Debug\ProfSkillsDefiantWorlds\AIPlayer.obj
         Win32\Debug\ProfSkillsDefiantWorlds\AirUnit.obj
         Win32\Debug\ProfSkillsDefiantWorlds\Artillery.obj
         Win32\Debug\ProfSkillsDefiantWorlds\Barracks.obj
         Win32\Debug\ProfSkillsDefiantWorlds\BasePlayer.obj
         Win32\Debug\ProfSkillsDefiantWorlds\Bomber.obj
         Win32\Debug\ProfSkillsDefiantWorlds\ComCentre.obj
         Win32\Debug\ProfSkillsDefiantWorlds\Common.obj
         Win32\Debug\ProfSkillsDefiantWorlds\BaseGameState.obj
         Win32\Debug\ProfSkillsDefiantWorlds\Explosion.obj
         Win32\Debug\ProfSkillsDefiantWorlds\Fighter.obj
         Win32\Debug\ProfSkillsDefiantWorlds\GameObject.obj
         Win32\Debug\ProfSkillsDefiantWorlds\GameStateControl.obj
         Win32\Debug\ProfSkillsDefiantWorlds\Grid.obj
         Win32\Debug\ProfSkillsDefiantWorlds\GroundUnit.obj
         Win32\Debug\ProfSkillsDefiantWorlds\Hellipad.obj
         Win32\Debug\ProfSkillsDefiantWorlds\House.obj
         Win32\Debug\ProfSkillsDefiantWorlds\HumanPlayer.obj
         Win32\Debug\ProfSkillsDefiantWorlds\Infantry.obj
         Win32\Debug\ProfSkillsDefiantWorlds\MenuState.obj
         Win32\Debug\ProfSkillsDefiantWorlds\Minerals.obj
         Win32\Debug\ProfSkillsDefiantWorlds\Mothership.obj
         Win32\Debug\ProfSkillsDefiantWorlds\ParticleEmitter.obj
         Win32\Debug\ProfSkillsDefiantWorlds\Particles.obj
         Win32\Debug\ProfSkillsDefiantWorlds\PlayState.obj
         Win32\Debug\ProfSkillsDefiantWorlds\ProductionStructure.obj
         Win32\Debug\ProfSkillsDefiantWorlds\ProfSkillsDefiantWorlds.obj
         Win32\Debug\ProfSkillsDefiantWorlds\Randomiser.obj
         Win32\Debug\ProfSkillsDefiantWorlds\GameAgent.obj
         Win32\Debug\ProfSkillsDefiantWorlds\Smoke.obj
         Win32\Debug\ProfSkillsDefiantWorlds\SoundObject.obj
         Win32\Debug\ProfSkillsDefiantWorlds\SpaceCentre.obj
         Win32\Debug\ProfSkillsDefiantWorlds\SpaceFighter.obj
         Win32\Debug\ProfSkillsDefiantWorlds\SpaceState.obj
         Win32\Debug\ProfSkillsDefiantWorlds\SpaceUnit.obj
         Win32\Debug\ProfSkillsDefiantWorlds\StaticStructure.obj
         Win32\Debug\ProfSkillsDefiantWorlds\Structure.obj
         Win32\Debug\ProfSkillsDefiantWorlds\Tank.obj
         Win32\Debug\ProfSkillsDefiantWorlds\Tile.obj
         Win32\Debug\ProfSkillsDefiantWorlds\Transport.obj
         Win32\Debug\ProfSkillsDefiantWorlds\Worker.obj
         Win32\Debug\ProfSkillsDefiantWorlds\WorldState.obj
         ProfSkillsDefiantWorlds.vcxproj -> C:\Users\kehobdey\Documents\GitHub\DefiantWorlds\DefiantWorlds\ProfSkillsDefiantWorlds\\ProfSkillsDefiantWorldsDebug.exe
       PostBuildEvent:
         copy "C:\ProgramData\TL-Engine\3rd Party\Irrlicht-0.7\bin\VisualStudio\IrrlichtDebug.dll" "C:\Users\kehobdey\Documents\GitHub\DefiantWorlds\DefiantWorlds\ProfSkillsDefiantWorlds\\" > NUL
         copy "C:\ProgramData\TL-Engine\3rd Party\TL-Xtreme\shader\*.*" "C:\Users\kehobdey\Documents\GitHub\DefiantWorlds\DefiantWorlds\ProfSkillsDefiantWorlds\\" > NUL
         copy "C:\Program Files (x86)\OpenAL 1.1 SDK\freealut-1.1.0-bin\lib\alut.dll"
         :VCEnd
                 1 file(s) copied.
     1>Done Building Project "C:\Users\kehobdey\Documents\GitHub\DefiantWorlds\DefiantWorlds\ProfSkillsDefiantWorlds\ProfSkillsDefiantWorlds.vcxproj" (Build target(s)).

Build succeeded.

Time Elapsed 00:00:01.73
