c:\users\kyle\github\repos\defiantworlds\defiantworlds\profskillsdefiantworlds\debug\vc120.pdb
c:\users\kyle\github\repos\defiantworlds\defiantworlds\profskillsdefiantworlds\debug\vc120.idb
c:\users\kyle\github\repos\defiantworlds\defiantworlds\profskillsdefiantworlds\debug\basebuilding.obj
c:\users\kyle\github\repos\defiantworlds\defiantworlds\profskillsdefiantworlds\debug\baseentity.obj
c:\users\kyle\github\repos\defiantworlds\defiantworlds\profskillsdefiantworlds\debug\baseplayer.obj
c:\users\kyle\github\repos\defiantworlds\defiantworlds\profskillsdefiantworlds\debug\baseunit.obj
c:\users\kyle\github\repos\defiantworlds\defiantworlds\profskillsdefiantworlds\debug\common.obj
c:\users\kyle\github\repos\defiantworlds\defiantworlds\profskillsdefiantworlds\debug\entitymanager.obj
c:\users\kyle\github\repos\defiantworlds\defiantworlds\profskillsdefiantworlds\debug\gamemanager.obj
c:\users\kyle\github\repos\defiantworlds\defiantworlds\profskillsdefiantworlds\debug\playstate.obj
c:\users\kyle\github\repos\defiantworlds\defiantworlds\profskillsdefiantworlds\debug\basegamestate.obj
c:\users\kyle\github\repos\defiantworlds\defiantworlds\profskillsdefiantworlds\debug\gamestatecontrol.obj
c:\users\kyle\github\repos\defiantworlds\defiantworlds\profskillsdefiantworlds\debug\menustate.obj
c:\users\kyle\github\repos\defiantworlds\defiantworlds\profskillsdefiantworlds\debug\profskillsdefiantworlds.obj
c:\users\kyle\github\repos\defiantworlds\defiantworlds\profskillsdefiantworlds\debug\humanplayer.obj
c:\users\kyle\github\repos\defiantworlds\defiantworlds\profskillsdefiantworlds\debug\spacestate.obj
c:\users\kyle\github\repos\defiantworlds\defiantworlds\profskillsdefiantworlds\debug\worldstate.obj
c:\users\kyle\github\repos\defiantworlds\defiantworlds\profskillsdefiantworlds\debug\aiplayer.obj
c:\users\kyle\github\repos\defiantworlds\defiantworlds\profskillsdefiantworlds\debug\gameobject.obj
c:\users\samhignett\source\repos\defiantworlds\defiantworlds\profskillsdefiantworlds\debug\vc120.pdb
c:\users\samhignett\source\repos\defiantworlds\defiantworlds\profskillsdefiantworlds\debug\vc120.idb
c:\users\samhignett\source\repos\defiantworlds\defiantworlds\profskillsdefiantworlds\debug\common.obj
c:\users\samhignett\source\repos\defiantworlds\defiantworlds\profskillsdefiantworlds\debug\basegamestate.obj
c:\users\samhignett\source\repos\defiantworlds\defiantworlds\profskillsdefiantworlds\debug\gameobject.obj
c:\users\samhignett\source\repos\defiantworlds\defiantworlds\profskillsdefiantworlds\debug\menustate.obj
c:\users\samhignett\source\repos\defiantworlds\defiantworlds\profskillsdefiantworlds\debug\randomiser.obj
c:\users\kyle\github\repos\defiantworlds\defiantworlds\profskillsdefiantworlds\profskillsdefiantworldsdebug.ilk
c:\users\kyle\github\repos\defiantworlds\defiantworlds\profskillsdefiantworlds\profskillsdefiantworldsdebug.exe
c:\users\kyle\github\repos\defiantworlds\defiantworlds\profskillsdefiantworlds\profskillsdefiantworlds.pdb
c:\users\samhignett\source\repos\defiantworlds\defiantworlds\profskillsdefiantworlds\\profskillsdefiantworldsdebug.ilk
c:\users\samhignett\source\repos\defiantworlds\defiantworlds\profskillsdefiantworlds\debug\profskil.09e3bfc2.tlog\cl.command.1.tlog
c:\users\samhignett\source\repos\defiantworlds\defiantworlds\profskillsdefiantworlds\debug\profskil.09e3bfc2.tlog\cl.read.1.tlog
c:\users\samhignett\source\repos\defiantworlds\defiantworlds\profskillsdefiantworlds\debug\profskil.09e3bfc2.tlog\cl.write.1.tlog
c:\users\samhignett\source\repos\defiantworlds\defiantworlds\profskillsdefiantworlds\debug\profskil.09e3bfc2.tlog\link.command.1.tlog
c:\users\samhignett\source\repos\defiantworlds\defiantworlds\profskillsdefiantworlds\debug\profskil.09e3bfc2.tlog\link.read.1.tlog
c:\users\samhignett\source\repos\defiantworlds\defiantworlds\profskillsdefiantworlds\debug\profskil.09e3bfc2.tlog\link.write.1.tlog
